<?xml version="1.0" encoding="UTF-8"?>
<testng-results ignored="0" total="1" passed="1" failed="0" skipped="0">
  <reporter-output>
  </reporter-output>
  <suite started-at="2024-04-27T08:46:11 CET" name="Surefire suite" finished-at="2024-04-27T08:46:11 CET" duration-ms="98">
    <groups>
    </groups>
    <test started-at="2024-04-27T08:46:11 CET" name="Surefire test" finished-at="2024-04-27T08:46:11 CET" duration-ms="98">
      <class name="tpmaven.AppTest">
        <test-method signature="testCalculateFactorial()[pri:0, instance:tpmaven.AppTest@35fc6dc4]" started-at="2024-04-27T08:46:11 CET" name="testCalculateFactorial" finished-at="2024-04-27T08:46:11 CET" duration-ms="21" status="PASS">
          <reporter-output>
          </reporter-output>
        </test-method> <!-- testCalculateFactorial -->
      </class> <!-- tpmaven.AppTest -->
    </test> <!-- Surefire test -->
  </suite> <!-- Surefire suite -->
</testng-results>
